INFO:root:Current TimeStep: 0,  Start Time: Tue Jun  8 19:10:32 2021, Current Time: Tue Jun  8 19:10:34 2021
INFO:root:Current TimeStep: 0,  Start Time: Tue Jun  8 19:13:15 2021, Current Time: Tue Jun  8 19:13:17 2021
INFO:root:Current TimeStep: 0,  Start Time: Tue Jun  8 19:13:37 2021, Current Time: Tue Jun  8 19:13:39 2021
INFO:root:Current TimeStep: 0,  Start Time: Tue Jun  8 19:14:14 2021, Current Time: Tue Jun  8 19:14:16 2021
INFO:root:Current TimeStep: 0,  Start Time: Tue Jun  8 19:14:33 2021, Current Time: Tue Jun  8 19:14:34 2021
INFO:root:Current TimeStep: 0,  Start Time: Tue Jun  8 19:14:53 2021, Current Time: Tue Jun  8 19:14:54 2021
INFO:root:Current TimeStep: 0,  Start Time: Tue Jun  8 19:16:16 2021, Current Time: Tue Jun  8 19:16:17 2021
INFO:root:Current TimeStep: 0,  Start Time: Tue Jun  8 19:16:52 2021, Current Time: Tue Jun  8 19:16:54 2021
INFO:root:Current TimeStep: 0,  Start Time: Tue Jun  8 19:17:30 2021, Current Time: Tue Jun  8 19:17:32 2021
INFO:root:Current TimeStep: 0,  Start Time: Tue Jun  8 19:18:18 2021, Current Time: Tue Jun  8 19:18:19 2021
INFO:root:Current TimeStep: 0,  Start Time: Tue Jun  8 19:18:54 2021, Current Time: Tue Jun  8 19:18:56 2021
INFO:root:Current TimeStep: 0,  Start Time: Tue Jun  8 19:21:27 2021, Current Time: Tue Jun  8 19:21:29 2021
INFO:root:Current TimeStep: 0,  Start Time: Tue Jun  8 19:23:15 2021, Current Time: Tue Jun  8 19:23:17 2021
INFO:root:Current TimeStep: 0,  Start Time: Tue Jun  8 19:23:45 2021, Current Time: Tue Jun  8 19:23:47 2021
INFO:root:Current TimeStep: 0,  Start Time: Tue Jun  8 19:25:15 2021, Current Time: Tue Jun  8 19:25:17 2021
INFO:root:Current TimeStep: 0,  Start Time: Tue Jun  8 19:25:48 2021, Current Time: Tue Jun  8 19:25:49 2021
INFO:root:Current TimeStep: 0,  Start Time: Tue Jun  8 19:32:04 2021, Current Time: Tue Jun  8 19:32:06 2021
INFO:root:Current TimeStep: 0,  Start Time: Tue Jun  8 19:45:21 2021, Current Time: Tue Jun  8 19:45:23 2021
INFO:root:Current TimeStep: 0,  Start Time: Wed Jun  9 14:16:23 2021, Current Time: Wed Jun  9 14:16:24 2021
INFO:root:Current TimeStep: 0,  Start Time: Wed Jun  9 14:25:10 2021, Current Time: Wed Jun  9 14:25:12 2021
INFO:root:Current TimeStep: 0,  Start Time: Thu Jun 10 01:02:57 2021, Current Time: Thu Jun 10 01:03:00 2021
INFO:root:Current TimeStep: 0,  Start Time: Thu Jun 10 01:05:28 2021, Current Time: Thu Jun 10 01:05:30 2021
INFO:root:Current TimeStep: 0,  Start Time: Thu Jun 10 01:06:20 2021, Current Time: Thu Jun 10 01:06:21 2021
INFO:root:Current TimeStep: 0,  Start Time: Thu Jun 10 01:07:12 2021, Current Time: Thu Jun 10 01:07:14 2021
INFO:root:Current TimeStep: 0,  Start Time: Thu Jun 10 01:07:34 2021, Current Time: Thu Jun 10 01:07:35 2021
INFO:root:Current TimeStep: 0,  Start Time: Thu Jun 10 01:08:41 2021, Current Time: Thu Jun 10 01:08:42 2021
INFO:root:Current TimeStep: 0,  Start Time: Thu Jun 10 01:09:57 2021, Current Time: Thu Jun 10 01:09:58 2021
INFO:root:Current TimeStep: 0,  Start Time: Thu Jun 10 01:10:59 2021, Current Time: Thu Jun 10 01:11:00 2021
INFO:root:Current TimeStep: 0,  Start Time: Thu Jun 10 01:12:32 2021, Current Time: Thu Jun 10 01:12:34 2021
INFO:root:Current TimeStep: 0,  Start Time: Thu Jun 10 01:14:03 2021, Current Time: Thu Jun 10 01:14:05 2021
INFO:root:Current TimeStep: 0,  Start Time: Thu Jun 10 01:15:29 2021, Current Time: Thu Jun 10 01:15:30 2021
INFO:root:Current TimeStep: 0,  Start Time: Thu Jun 10 01:15:51 2021, Current Time: Thu Jun 10 01:15:52 2021
INFO:root:Current TimeStep: 0,  Start Time: Thu Jun 10 01:16:50 2021, Current Time: Thu Jun 10 01:16:51 2021
INFO:root:Current TimeStep: 0,  Start Time: Thu Jun 10 01:18:01 2021, Current Time: Thu Jun 10 01:18:02 2021
INFO:root:Current TimeStep: 0,  Start Time: Thu Jun 10 01:19:10 2021, Current Time: Thu Jun 10 01:19:12 2021
INFO:root:Current TimeStep: 0,  Start Time: Thu Jun 10 01:19:40 2021, Current Time: Thu Jun 10 01:19:42 2021
INFO:root:Current TimeStep: 0,  Start Time: Thu Jun 10 01:19:59 2021, Current Time: Thu Jun 10 01:20:00 2021
INFO:root:Current TimeStep: 0,  Start Time: Thu Jun 10 01:20:19 2021, Current Time: Thu Jun 10 01:20:21 2021
INFO:root:Current TimeStep: 0,  Start Time: Thu Jun 10 01:22:17 2021, Current Time: Thu Jun 10 01:22:18 2021
INFO:root:Current TimeStep: 0,  Start Time: Thu Jun 10 01:23:36 2021, Current Time: Thu Jun 10 01:23:38 2021
INFO:root:Current TimeStep: 0,  Start Time: Tue Jun 15 12:27:47 2021, Current Time: Tue Jun 15 12:27:49 2021
INFO:root:Current TimeStep: 0,  Start Time: Tue Jun 15 12:28:56 2021, Current Time: Tue Jun 15 12:28:57 2021
INFO:root:Current TimeStep: 0,  Start Time: Tue Jun 15 12:29:49 2021, Current Time: Tue Jun 15 12:29:50 2021
INFO:root:Current TimeStep: 0,  Start Time: Tue Jun 15 12:30:00 2021, Current Time: Tue Jun 15 12:30:01 2021
INFO:root:Current TimeStep: 0,  Start Time: Tue Jun 15 12:30:16 2021, Current Time: Tue Jun 15 12:30:17 2021
INFO:root:Current TimeStep: 0,  Start Time: Tue Jun 15 12:30:28 2021, Current Time: Tue Jun 15 12:30:29 2021
INFO:root:Current TimeStep: 0,  Start Time: Tue Jun 15 14:35:25 2021, Current Time: Tue Jun 15 14:35:26 2021
INFO:root:Current TimeStep: 0,  Start Time: Tue Jun 15 14:36:15 2021, Current Time: Tue Jun 15 14:36:16 2021
INFO:root:Current TimeStep: 0,  Start Time: Tue Jun 15 14:36:37 2021, Current Time: Tue Jun 15 14:36:38 2021
INFO:root:Current TimeStep: 0,  Start Time: Tue Jun 15 14:37:12 2021, Current Time: Tue Jun 15 14:37:13 2021
INFO:root:Current TimeStep: 0,  Start Time: Tue Jun 15 14:37:24 2021, Current Time: Tue Jun 15 14:37:25 2021
INFO:root:Current TimeStep: 0,  Start Time: Tue Jun 15 14:37:40 2021, Current Time: Tue Jun 15 14:37:41 2021
INFO:root:Current TimeStep: 0,  Start Time: Tue Jun 15 14:38:28 2021, Current Time: Tue Jun 15 14:38:30 2021
INFO:root:Current TimeStep: 0,  Start Time: Tue Jun 15 14:38:40 2021, Current Time: Tue Jun 15 14:38:41 2021
INFO:root:Current TimeStep: 0,  Start Time: Wed Jun 16 16:25:24 2021, Current Time: Wed Jun 16 16:25:25 2021
INFO:root:Current TimeStep: 0,  Start Time: Wed Jun 16 17:18:28 2021, Current Time: Wed Jun 16 17:18:29 2021
INFO:root:Current TimeStep: 0,  Start Time: Wed Jun 16 17:18:42 2021, Current Time: Wed Jun 16 17:18:44 2021
INFO:root:Current TimeStep: 0,  Start Time: Wed Jun 16 17:19:26 2021, Current Time: Wed Jun 16 17:19:27 2021
INFO:root:Current TimeStep: 0,  Start Time: Wed Jun 16 17:19:50 2021, Current Time: Wed Jun 16 17:19:52 2021
INFO:root:Current TimeStep: 0,  Start Time: Wed Jun 16 17:20:19 2021, Current Time: Wed Jun 16 17:20:20 2021
INFO:root:Current TimeStep: 0,  Start Time: Wed Jun 16 17:20:58 2021, Current Time: Wed Jun 16 17:21:00 2021
INFO:root:Current TimeStep: 0,  Start Time: Wed Jun 16 17:21:27 2021, Current Time: Wed Jun 16 17:21:28 2021
INFO:root:Current TimeStep: 0,  Start Time: Wed Jun 16 17:21:57 2021, Current Time: Wed Jun 16 17:21:58 2021
INFO:root:Current TimeStep: 0,  Start Time: Wed Jun 16 17:23:41 2021, Current Time: Wed Jun 16 17:23:43 2021
INFO:root:Current TimeStep: 0,  Start Time: Wed Jun 16 17:23:56 2021, Current Time: Wed Jun 16 17:23:57 2021
INFO:root:Current TimeStep: 0,  Start Time: Wed Jun 16 17:24:20 2021, Current Time: Wed Jun 16 17:24:22 2021
INFO:root:Current TimeStep: 0,  Start Time: Wed Jun 16 17:24:55 2021, Current Time: Wed Jun 16 17:24:56 2021
INFO:root:Current TimeStep: 0,  Start Time: Wed Jun 16 17:25:10 2021, Current Time: Wed Jun 16 17:25:11 2021
INFO:root:Current TimeStep: 0,  Start Time: Wed Jun 16 17:25:40 2021, Current Time: Wed Jun 16 17:25:41 2021
INFO:root:Current TimeStep: 0,  Start Time: Wed Jun 16 17:26:01 2021, Current Time: Wed Jun 16 17:26:03 2021
INFO:root:Current TimeStep: 0,  Start Time: Wed Jun 16 17:26:41 2021, Current Time: Wed Jun 16 17:26:42 2021
INFO:root:Current TimeStep: 0,  Start Time: Wed Jun 16 17:26:56 2021, Current Time: Wed Jun 16 17:26:58 2021
INFO:root:Current TimeStep: 0,  Start Time: Wed Jun 16 17:27:12 2021, Current Time: Wed Jun 16 17:27:13 2021
INFO:root:Current TimeStep: 0,  Start Time: Mon Jun 21 13:51:03 2021, Current Time: Mon Jun 21 13:51:06 2021
INFO:root:Current TimeStep: 0,  Start Time: Mon Jun 21 13:52:15 2021, Current Time: Mon Jun 21 13:52:16 2021
INFO:root:Current TimeStep: 0,  Start Time: Mon Jun 21 13:52:31 2021, Current Time: Mon Jun 21 13:52:33 2021
INFO:root:Current TimeStep: 0,  Start Time: Mon Jun 21 13:53:36 2021, Current Time: Mon Jun 21 13:53:37 2021
INFO:root:Current TimeStep: 0,  Start Time: Mon Jun 21 13:54:16 2021, Current Time: Mon Jun 21 13:54:18 2021
INFO:root:Current TimeStep: 0,  Start Time: Mon Jun 21 13:55:27 2021, Current Time: Mon Jun 21 13:55:28 2021
INFO:root:Current TimeStep: 0,  Start Time: Mon Jun 21 13:56:12 2021, Current Time: Mon Jun 21 13:56:13 2021
INFO:root:Current TimeStep: 0,  Start Time: Mon Jun 21 13:56:42 2021, Current Time: Mon Jun 21 13:56:44 2021
INFO:root:Current TimeStep: 0,  Start Time: Mon Jun 21 13:58:24 2021, Current Time: Mon Jun 21 13:58:25 2021
INFO:root:Current TimeStep: 0,  Start Time: Mon Jun 21 13:58:56 2021, Current Time: Mon Jun 21 13:58:57 2021
INFO:root:Current TimeStep: 0,  Start Time: Mon Jun 21 14:01:21 2021, Current Time: Mon Jun 21 14:01:22 2021
INFO:root:Current TimeStep: 0,  Start Time: Mon Jun 21 14:01:47 2021, Current Time: Mon Jun 21 14:01:48 2021
INFO:root:Current TimeStep: 0,  Start Time: Mon Jun 21 14:01:57 2021, Current Time: Mon Jun 21 14:01:59 2021
INFO:root:Current TimeStep: 0,  Start Time: Mon Jun 21 14:02:08 2021, Current Time: Mon Jun 21 14:02:09 2021
INFO:root:Current TimeStep: 0,  Start Time: Mon Jun 21 14:02:19 2021, Current Time: Mon Jun 21 14:02:20 2021
INFO:root:Current TimeStep: 0,  Start Time: Mon Jun 21 14:02:29 2021, Current Time: Mon Jun 21 14:02:31 2021
INFO:root:Current TimeStep: 0,  Start Time: Mon Jun 21 14:06:02 2021, Current Time: Mon Jun 21 14:06:03 2021
INFO:root:Current TimeStep: 0,  Start Time: Mon Jun 21 14:08:10 2021, Current Time: Mon Jun 21 14:08:11 2021
INFO:root:Current TimeStep: 0,  Start Time: Mon Jun 21 14:09:10 2021, Current Time: Mon Jun 21 14:09:12 2021
INFO:root:Current TimeStep: 0,  Start Time: Mon Jun 21 14:09:23 2021, Current Time: Mon Jun 21 14:09:24 2021
INFO:root:Current TimeStep: 0,  Start Time: Mon Jun 21 14:09:34 2021, Current Time: Mon Jun 21 14:09:35 2021
INFO:root:Current TimeStep: 0,  Start Time: Mon Jun 21 14:18:10 2021, Current Time: Mon Jun 21 14:18:11 2021
INFO:root:Current TimeStep: 0,  Start Time: Mon Jun 21 14:19:23 2021, Current Time: Mon Jun 21 14:19:24 2021
INFO:root:Current TimeStep: 0,  Start Time: Mon Jun 21 14:20:15 2021, Current Time: Mon Jun 21 14:20:17 2021
INFO:root:Current TimeStep: 0,  Start Time: Mon Jun 21 14:22:46 2021, Current Time: Mon Jun 21 14:22:47 2021
INFO:root:Current TimeStep: 0,  Start Time: Mon Jun 21 14:23:32 2021, Current Time: Mon Jun 21 14:23:33 2021
INFO:root:Current TimeStep: 0,  Start Time: Mon Jun 21 15:11:03 2021, Current Time: Mon Jun 21 15:11:03 2021
INFO:root:Current TimeStep: 0,  Start Time: Mon Jun 21 15:11:24 2021, Current Time: Mon Jun 21 15:11:24 2021
INFO:root:Current TimeStep: 0,  Start Time: Mon Jun 21 15:11:32 2021, Current Time: Mon Jun 21 15:11:32 2021
INFO:root:Current TimeStep: 0,  Start Time: Mon Jun 21 18:59:20 2021, Current Time: Mon Jun 21 18:59:21 2021
INFO:root:Current TimeStep: 0,  Start Time: Mon Jun 21 19:00:13 2021, Current Time: Mon Jun 21 19:00:14 2021
INFO:root:Current TimeStep: 0,  Start Time: Mon Jun 21 19:00:20 2021, Current Time: Mon Jun 21 19:00:21 2021
INFO:root:Current TimeStep: 0,  Start Time: Mon Jun 21 19:01:23 2021, Current Time: Mon Jun 21 19:01:24 2021
INFO:root:Current TimeStep: 0,  Start Time: Mon Jun 21 19:03:05 2021, Current Time: Mon Jun 21 19:03:06 2021
INFO:root:Current TimeStep: 0,  Start Time: Mon Jun 21 19:04:44 2021, Current Time: Mon Jun 21 19:04:45 2021
INFO:root:Current TimeStep: 0,  Start Time: Mon Jun 21 19:05:37 2021, Current Time: Mon Jun 21 19:05:38 2021
INFO:root:Current TimeStep: 0,  Start Time: Mon Jun 21 19:09:16 2021, Current Time: Mon Jun 21 19:09:18 2021
INFO:root:Current TimeStep: 0,  Start Time: Mon Jun 21 19:09:24 2021, Current Time: Mon Jun 21 19:09:26 2021
INFO:root:Current TimeStep: 0,  Start Time: Mon Jun 21 19:10:53 2021, Current Time: Mon Jun 21 19:10:54 2021
INFO:root:Current TimeStep: 0,  Start Time: Mon Jun 21 19:11:26 2021, Current Time: Mon Jun 21 19:11:28 2021
INFO:root:Current TimeStep: 0,  Start Time: Mon Jun 21 19:12:07 2021, Current Time: Mon Jun 21 19:12:08 2021
INFO:root:Current TimeStep: 0,  Start Time: Mon Jun 21 19:13:03 2021, Current Time: Mon Jun 21 19:13:04 2021
INFO:root:Current TimeStep: 0,  Start Time: Mon Jun 21 19:13:40 2021, Current Time: Mon Jun 21 19:13:41 2021
INFO:root:Current TimeStep: 0,  Start Time: Mon Jun 21 19:14:12 2021, Current Time: Mon Jun 21 19:14:13 2021
INFO:root:Current TimeStep: 0,  Start Time: Mon Jun 21 19:14:58 2021, Current Time: Mon Jun 21 19:15:00 2021
INFO:root:Current TimeStep: 0,  Start Time: Mon Jun 21 19:15:35 2021, Current Time: Mon Jun 21 19:15:36 2021
INFO:root:Current TimeStep: 0,  Start Time: Mon Jun 21 19:16:06 2021, Current Time: Mon Jun 21 19:16:08 2021
INFO:root:Current TimeStep: 0,  Start Time: Mon Jun 21 19:16:57 2021, Current Time: Mon Jun 21 19:16:59 2021
INFO:root:Current TimeStep: 0,  Start Time: Mon Jun 21 19:20:01 2021, Current Time: Mon Jun 21 19:20:03 2021
INFO:root:Current TimeStep: 0,  Start Time: Mon Jun 21 19:20:58 2021, Current Time: Mon Jun 21 19:21:00 2021
INFO:root:Current TimeStep: 0,  Start Time: Mon Jun 21 19:21:28 2021, Current Time: Mon Jun 21 19:21:29 2021
INFO:root:Current TimeStep: 0,  Start Time: Mon Jun 21 19:23:33 2021, Current Time: Mon Jun 21 19:23:34 2021
INFO:root:Current TimeStep: 0,  Start Time: Mon Jun 21 19:26:23 2021, Current Time: Mon Jun 21 19:26:24 2021
INFO:root:Current TimeStep: 50000,  Start Time: Mon Jun 21 19:26:23 2021, Current Time: Mon Jun 21 19:29:31 2021
INFO:root:Current TimeStep: 0,  Start Time: Mon Jun 21 19:33:02 2021, Current Time: Mon Jun 21 19:33:03 2021
INFO:root:Current TimeStep: 0,  Start Time: Mon Jun 21 19:35:00 2021, Current Time: Mon Jun 21 19:35:01 2021
INFO:root:Current TimeStep: 0,  Start Time: Mon Jun 21 19:36:05 2021, Current Time: Mon Jun 21 19:36:06 2021
