INFO:root:Current TimeStep: 0,  Start Time: Tue Jun 15 14:49:07 2021, Current Time: Tue Jun 15 14:49:08 2021
INFO:root:Current TimeStep: 50000,  Start Time: Tue Jun 15 14:49:07 2021, Current Time: Tue Jun 15 14:49:29 2021
INFO:root:Current TimeStep: 1000000,  Start Time: Tue Jun 15 14:49:07 2021, Current Time: Tue Jun 15 14:59:55 2021
INFO:root:Current TimeStep: 2000000,  Start Time: Tue Jun 15 14:49:07 2021, Current Time: Tue Jun 15 15:12:09 2021
INFO:root:Current TimeStep: 3000000,  Start Time: Tue Jun 15 14:49:07 2021, Current Time: Tue Jun 15 15:24:56 2021
INFO:root:Current TimeStep: 4000000,  Start Time: Tue Jun 15 14:49:07 2021, Current Time: Tue Jun 15 15:39:13 2021
INFO:root:Current TimeStep: 5000000,  Start Time: Tue Jun 15 14:49:07 2021, Current Time: Tue Jun 15 15:54:40 2021
INFO:root:Current TimeStep: 6000000,  Start Time: Tue Jun 15 14:49:07 2021, Current Time: Tue Jun 15 16:10:36 2021
INFO:root:Current TimeStep: 7000000,  Start Time: Tue Jun 15 14:49:07 2021, Current Time: Tue Jun 15 16:26:38 2021
INFO:root:Current TimeStep: 8000000,  Start Time: Tue Jun 15 14:49:07 2021, Current Time: Tue Jun 15 16:42:36 2021
INFO:root:Current TimeStep: 9000000,  Start Time: Tue Jun 15 14:49:07 2021, Current Time: Tue Jun 15 16:58:06 2021
INFO:root:Current TimeStep: 10000000,  Start Time: Tue Jun 15 14:49:07 2021, Current Time: Tue Jun 15 17:14:34 2021
INFO:root:Current TimeStep: 11000000,  Start Time: Tue Jun 15 14:49:07 2021, Current Time: Tue Jun 15 17:31:08 2021
INFO:root:Current TimeStep: 12000000,  Start Time: Tue Jun 15 14:49:07 2021, Current Time: Tue Jun 15 17:46:13 2021
INFO:root:Current TimeStep: 13000000,  Start Time: Tue Jun 15 14:49:07 2021, Current Time: Tue Jun 15 18:01:08 2021
INFO:root:Current TimeStep: 14000000,  Start Time: Tue Jun 15 14:49:07 2021, Current Time: Tue Jun 15 18:16:01 2021
INFO:root:Current TimeStep: 15000000,  Start Time: Tue Jun 15 14:49:07 2021, Current Time: Tue Jun 15 18:30:54 2021
INFO:root:Current TimeStep: 16000000,  Start Time: Tue Jun 15 14:49:07 2021, Current Time: Tue Jun 15 18:45:46 2021
INFO:root:Current TimeStep: 17000000,  Start Time: Tue Jun 15 14:49:07 2021, Current Time: Tue Jun 15 19:00:42 2021
INFO:root:Current TimeStep: 18000000,  Start Time: Tue Jun 15 14:49:07 2021, Current Time: Tue Jun 15 19:15:58 2021
INFO:root:Current TimeStep: 19000000,  Start Time: Tue Jun 15 14:49:07 2021, Current Time: Tue Jun 15 19:31:41 2021
INFO:root:Current TimeStep: 20000000,  Start Time: Tue Jun 15 14:49:07 2021, Current Time: Tue Jun 15 19:47:23 2021
INFO:root:Current TimeStep: 0,  Start Time: Tue Jun 15 19:47:24 2021, Current Time: Tue Jun 15 19:47:24 2021
INFO:root:Current TimeStep: 50000,  Start Time: Tue Jun 15 19:47:24 2021, Current Time: Tue Jun 15 19:47:52 2021
INFO:root:Current TimeStep: 1000000,  Start Time: Tue Jun 15 19:47:24 2021, Current Time: Tue Jun 15 20:01:30 2021
INFO:root:Current TimeStep: 2000000,  Start Time: Tue Jun 15 19:47:24 2021, Current Time: Tue Jun 15 20:17:49 2021
INFO:root:Current TimeStep: 3000000,  Start Time: Tue Jun 15 19:47:24 2021, Current Time: Tue Jun 15 20:35:58 2021
INFO:root:Current TimeStep: 4000000,  Start Time: Tue Jun 15 19:47:24 2021, Current Time: Tue Jun 15 20:54:47 2021
INFO:root:Current TimeStep: 5000000,  Start Time: Tue Jun 15 19:47:24 2021, Current Time: Tue Jun 15 21:13:18 2021
INFO:root:Current TimeStep: 6000000,  Start Time: Tue Jun 15 19:47:24 2021, Current Time: Tue Jun 15 21:31:35 2021
INFO:root:Current TimeStep: 7000000,  Start Time: Tue Jun 15 19:47:24 2021, Current Time: Tue Jun 15 21:49:32 2021
INFO:root:Current TimeStep: 8000000,  Start Time: Tue Jun 15 19:47:24 2021, Current Time: Tue Jun 15 22:07:36 2021
INFO:root:Current TimeStep: 9000000,  Start Time: Tue Jun 15 19:47:24 2021, Current Time: Tue Jun 15 22:25:45 2021
INFO:root:Current TimeStep: 10000000,  Start Time: Tue Jun 15 19:47:24 2021, Current Time: Tue Jun 15 22:43:06 2021
INFO:root:Current TimeStep: 11000000,  Start Time: Tue Jun 15 19:47:24 2021, Current Time: Tue Jun 15 23:00:25 2021
INFO:root:Current TimeStep: 12000000,  Start Time: Tue Jun 15 19:47:24 2021, Current Time: Tue Jun 15 23:18:03 2021
INFO:root:Current TimeStep: 13000000,  Start Time: Tue Jun 15 19:47:24 2021, Current Time: Tue Jun 15 23:35:36 2021
INFO:root:Current TimeStep: 14000000,  Start Time: Tue Jun 15 19:47:24 2021, Current Time: Tue Jun 15 23:53:08 2021
INFO:root:Current TimeStep: 15000000,  Start Time: Tue Jun 15 19:47:24 2021, Current Time: Wed Jun 16 00:10:40 2021
INFO:root:Current TimeStep: 16000000,  Start Time: Tue Jun 15 19:47:24 2021, Current Time: Wed Jun 16 00:27:57 2021
INFO:root:Current TimeStep: 17000000,  Start Time: Tue Jun 15 19:47:24 2021, Current Time: Wed Jun 16 00:45:05 2021
INFO:root:Current TimeStep: 18000000,  Start Time: Tue Jun 15 19:47:24 2021, Current Time: Wed Jun 16 01:02:53 2021
INFO:root:Current TimeStep: 19000000,  Start Time: Tue Jun 15 19:47:24 2021, Current Time: Wed Jun 16 01:20:42 2021
INFO:root:Current TimeStep: 20000000,  Start Time: Tue Jun 15 19:47:24 2021, Current Time: Wed Jun 16 01:38:32 2021
INFO:root:Current TimeStep: 0,  Start Time: Wed Jun 16 01:38:34 2021, Current Time: Wed Jun 16 01:38:41 2021
INFO:root:Current TimeStep: 50000,  Start Time: Wed Jun 16 01:38:34 2021, Current Time: Wed Jun 16 01:39:08 2021
INFO:root:Current TimeStep: 1000000,  Start Time: Wed Jun 16 01:38:34 2021, Current Time: Wed Jun 16 01:52:33 2021
INFO:root:Current TimeStep: 2000000,  Start Time: Wed Jun 16 01:38:34 2021, Current Time: Wed Jun 16 02:08:32 2021
INFO:root:Current TimeStep: 3000000,  Start Time: Wed Jun 16 01:38:34 2021, Current Time: Wed Jun 16 02:26:10 2021
INFO:root:Current TimeStep: 4000000,  Start Time: Wed Jun 16 01:38:34 2021, Current Time: Wed Jun 16 02:44:06 2021
INFO:root:Current TimeStep: 5000000,  Start Time: Wed Jun 16 01:38:34 2021, Current Time: Wed Jun 16 03:02:04 2021
INFO:root:Current TimeStep: 6000000,  Start Time: Wed Jun 16 01:38:34 2021, Current Time: Wed Jun 16 03:19:47 2021
INFO:root:Current TimeStep: 7000000,  Start Time: Wed Jun 16 01:38:34 2021, Current Time: Wed Jun 16 03:37:42 2021
INFO:root:Current TimeStep: 8000000,  Start Time: Wed Jun 16 01:38:34 2021, Current Time: Wed Jun 16 03:55:26 2021
INFO:root:Current TimeStep: 9000000,  Start Time: Wed Jun 16 01:38:34 2021, Current Time: Wed Jun 16 04:12:43 2021
INFO:root:Current TimeStep: 10000000,  Start Time: Wed Jun 16 01:38:34 2021, Current Time: Wed Jun 16 04:29:58 2021
INFO:root:Current TimeStep: 11000000,  Start Time: Wed Jun 16 01:38:34 2021, Current Time: Wed Jun 16 04:47:20 2021
INFO:root:Current TimeStep: 12000000,  Start Time: Wed Jun 16 01:38:34 2021, Current Time: Wed Jun 16 05:04:46 2021
INFO:root:Current TimeStep: 13000000,  Start Time: Wed Jun 16 01:38:34 2021, Current Time: Wed Jun 16 05:22:16 2021
INFO:root:Current TimeStep: 14000000,  Start Time: Wed Jun 16 01:38:34 2021, Current Time: Wed Jun 16 05:39:46 2021
INFO:root:Current TimeStep: 15000000,  Start Time: Wed Jun 16 01:38:34 2021, Current Time: Wed Jun 16 05:57:17 2021
INFO:root:Current TimeStep: 16000000,  Start Time: Wed Jun 16 01:38:34 2021, Current Time: Wed Jun 16 06:15:21 2021
INFO:root:Current TimeStep: 17000000,  Start Time: Wed Jun 16 01:38:34 2021, Current Time: Wed Jun 16 06:32:51 2021
INFO:root:Current TimeStep: 18000000,  Start Time: Wed Jun 16 01:38:34 2021, Current Time: Wed Jun 16 06:50:20 2021
INFO:root:Current TimeStep: 19000000,  Start Time: Wed Jun 16 01:38:34 2021, Current Time: Wed Jun 16 07:07:50 2021
INFO:root:Current TimeStep: 20000000,  Start Time: Wed Jun 16 01:38:34 2021, Current Time: Wed Jun 16 07:25:20 2021
INFO:root:Current TimeStep: 0,  Start Time: Wed Jun 16 07:25:21 2021, Current Time: Wed Jun 16 07:25:21 2021
INFO:root:Current TimeStep: 50000,  Start Time: Wed Jun 16 07:25:21 2021, Current Time: Wed Jun 16 07:25:50 2021
INFO:root:Current TimeStep: 1000000,  Start Time: Wed Jun 16 07:25:21 2021, Current Time: Wed Jun 16 07:40:20 2021
INFO:root:Current TimeStep: 2000000,  Start Time: Wed Jun 16 07:25:21 2021, Current Time: Wed Jun 16 07:57:08 2021
INFO:root:Current TimeStep: 3000000,  Start Time: Wed Jun 16 07:25:21 2021, Current Time: Wed Jun 16 08:15:28 2021
INFO:root:Current TimeStep: 4000000,  Start Time: Wed Jun 16 07:25:21 2021, Current Time: Wed Jun 16 08:34:44 2021
INFO:root:Current TimeStep: 5000000,  Start Time: Wed Jun 16 07:25:21 2021, Current Time: Wed Jun 16 08:54:01 2021
INFO:root:Current TimeStep: 6000000,  Start Time: Wed Jun 16 07:25:21 2021, Current Time: Wed Jun 16 09:13:18 2021
INFO:root:Current TimeStep: 7000000,  Start Time: Wed Jun 16 07:25:21 2021, Current Time: Wed Jun 16 09:32:36 2021
INFO:root:Current TimeStep: 8000000,  Start Time: Wed Jun 16 07:25:21 2021, Current Time: Wed Jun 16 09:51:53 2021
INFO:root:Current TimeStep: 9000000,  Start Time: Wed Jun 16 07:25:21 2021, Current Time: Wed Jun 16 10:11:07 2021
INFO:root:Current TimeStep: 10000000,  Start Time: Wed Jun 16 07:25:21 2021, Current Time: Wed Jun 16 10:30:20 2021
INFO:root:Current TimeStep: 11000000,  Start Time: Wed Jun 16 07:25:21 2021, Current Time: Wed Jun 16 10:49:34 2021
INFO:root:Current TimeStep: 12000000,  Start Time: Wed Jun 16 07:25:21 2021, Current Time: Wed Jun 16 11:08:49 2021
INFO:root:Current TimeStep: 13000000,  Start Time: Wed Jun 16 07:25:21 2021, Current Time: Wed Jun 16 11:28:04 2021
INFO:root:Current TimeStep: 14000000,  Start Time: Wed Jun 16 07:25:21 2021, Current Time: Wed Jun 16 11:48:29 2021
INFO:root:Current TimeStep: 15000000,  Start Time: Wed Jun 16 07:25:21 2021, Current Time: Wed Jun 16 12:08:55 2021
INFO:root:Current TimeStep: 16000000,  Start Time: Wed Jun 16 07:25:21 2021, Current Time: Wed Jun 16 12:28:53 2021
INFO:root:Current TimeStep: 17000000,  Start Time: Wed Jun 16 07:25:21 2021, Current Time: Wed Jun 16 12:48:38 2021
INFO:root:Current TimeStep: 18000000,  Start Time: Wed Jun 16 07:25:21 2021, Current Time: Wed Jun 16 13:08:18 2021
INFO:root:Current TimeStep: 19000000,  Start Time: Wed Jun 16 07:25:21 2021, Current Time: Wed Jun 16 13:27:43 2021
INFO:root:Current TimeStep: 20000000,  Start Time: Wed Jun 16 07:25:21 2021, Current Time: Wed Jun 16 13:47:08 2021
INFO:root:Current TimeStep: 0,  Start Time: Wed Jun 16 13:47:09 2021, Current Time: Wed Jun 16 13:47:30 2021
INFO:root:Current TimeStep: 50000,  Start Time: Wed Jun 16 13:47:09 2021, Current Time: Wed Jun 16 13:47:59 2021
INFO:root:Current TimeStep: 1000000,  Start Time: Wed Jun 16 13:47:09 2021, Current Time: Wed Jun 16 14:02:49 2021
INFO:root:Current TimeStep: 2000000,  Start Time: Wed Jun 16 13:47:09 2021, Current Time: Wed Jun 16 14:20:11 2021
INFO:root:Current TimeStep: 3000000,  Start Time: Wed Jun 16 13:47:09 2021, Current Time: Wed Jun 16 14:39:09 2021
INFO:root:Current TimeStep: 4000000,  Start Time: Wed Jun 16 13:47:09 2021, Current Time: Wed Jun 16 14:58:36 2021
INFO:root:Current TimeStep: 5000000,  Start Time: Wed Jun 16 13:47:09 2021, Current Time: Wed Jun 16 15:18:03 2021
INFO:root:Current TimeStep: 6000000,  Start Time: Wed Jun 16 13:47:09 2021, Current Time: Wed Jun 16 15:37:29 2021
INFO:root:Current TimeStep: 7000000,  Start Time: Wed Jun 16 13:47:09 2021, Current Time: Wed Jun 16 15:58:28 2021
INFO:root:Current TimeStep: 8000000,  Start Time: Wed Jun 16 13:47:09 2021, Current Time: Wed Jun 16 16:18:53 2021
INFO:root:Current TimeStep: 9000000,  Start Time: Wed Jun 16 13:47:09 2021, Current Time: Wed Jun 16 16:39:17 2021
INFO:root:Current TimeStep: 10000000,  Start Time: Wed Jun 16 13:47:09 2021, Current Time: Wed Jun 16 16:59:56 2021
INFO:root:Current TimeStep: 11000000,  Start Time: Wed Jun 16 13:47:09 2021, Current Time: Wed Jun 16 17:19:48 2021
INFO:root:Current TimeStep: 12000000,  Start Time: Wed Jun 16 13:47:09 2021, Current Time: Wed Jun 16 17:40:03 2021
INFO:root:Current TimeStep: 13000000,  Start Time: Wed Jun 16 13:47:09 2021, Current Time: Wed Jun 16 18:00:56 2021
INFO:root:Current TimeStep: 14000000,  Start Time: Wed Jun 16 13:47:09 2021, Current Time: Wed Jun 16 18:21:05 2021
INFO:root:Current TimeStep: 15000000,  Start Time: Wed Jun 16 13:47:09 2021, Current Time: Wed Jun 16 18:40:26 2021
INFO:root:Current TimeStep: 16000000,  Start Time: Wed Jun 16 13:47:09 2021, Current Time: Wed Jun 16 18:59:47 2021
INFO:root:Current TimeStep: 17000000,  Start Time: Wed Jun 16 13:47:09 2021, Current Time: Wed Jun 16 19:19:07 2021
INFO:root:Current TimeStep: 18000000,  Start Time: Wed Jun 16 13:47:09 2021, Current Time: Wed Jun 16 19:38:48 2021
INFO:root:Current TimeStep: 19000000,  Start Time: Wed Jun 16 13:47:09 2021, Current Time: Wed Jun 16 19:58:52 2021
INFO:root:Current TimeStep: 20000000,  Start Time: Wed Jun 16 13:47:09 2021, Current Time: Wed Jun 16 20:19:01 2021
INFO:root:Current TimeStep: 0,  Start Time: Wed Jun 16 20:19:02 2021, Current Time: Wed Jun 16 20:19:02 2021
INFO:root:Current TimeStep: 50000,  Start Time: Wed Jun 16 20:19:02 2021, Current Time: Wed Jun 16 20:19:29 2021
INFO:root:Current TimeStep: 1000000,  Start Time: Wed Jun 16 20:19:02 2021, Current Time: Wed Jun 16 20:33:34 2021
INFO:root:Current TimeStep: 2000000,  Start Time: Wed Jun 16 20:19:02 2021, Current Time: Wed Jun 16 20:51:37 2021
INFO:root:Current TimeStep: 3000000,  Start Time: Wed Jun 16 20:19:02 2021, Current Time: Wed Jun 16 21:10:21 2021
INFO:root:Current TimeStep: 4000000,  Start Time: Wed Jun 16 20:19:02 2021, Current Time: Wed Jun 16 21:28:53 2021
INFO:root:Current TimeStep: 5000000,  Start Time: Wed Jun 16 20:19:02 2021, Current Time: Wed Jun 16 21:47:17 2021
INFO:root:Current TimeStep: 6000000,  Start Time: Wed Jun 16 20:19:02 2021, Current Time: Wed Jun 16 22:05:32 2021
INFO:root:Current TimeStep: 7000000,  Start Time: Wed Jun 16 20:19:02 2021, Current Time: Wed Jun 16 22:24:20 2021
INFO:root:Current TimeStep: 8000000,  Start Time: Wed Jun 16 20:19:02 2021, Current Time: Wed Jun 16 22:42:47 2021
INFO:root:Current TimeStep: 9000000,  Start Time: Wed Jun 16 20:19:02 2021, Current Time: Wed Jun 16 23:00:33 2021
INFO:root:Current TimeStep: 10000000,  Start Time: Wed Jun 16 20:19:02 2021, Current Time: Wed Jun 16 23:18:19 2021
INFO:root:Current TimeStep: 11000000,  Start Time: Wed Jun 16 20:19:02 2021, Current Time: Wed Jun 16 23:36:01 2021
INFO:root:Current TimeStep: 12000000,  Start Time: Wed Jun 16 20:19:02 2021, Current Time: Wed Jun 16 23:53:49 2021
INFO:root:Current TimeStep: 13000000,  Start Time: Wed Jun 16 20:19:02 2021, Current Time: Thu Jun 17 00:11:36 2021
INFO:root:Current TimeStep: 14000000,  Start Time: Wed Jun 16 20:19:02 2021, Current Time: Thu Jun 17 00:29:24 2021
INFO:root:Current TimeStep: 15000000,  Start Time: Wed Jun 16 20:19:02 2021, Current Time: Thu Jun 17 00:47:49 2021
INFO:root:Current TimeStep: 16000000,  Start Time: Wed Jun 16 20:19:02 2021, Current Time: Thu Jun 17 01:06:28 2021
INFO:root:Current TimeStep: 17000000,  Start Time: Wed Jun 16 20:19:02 2021, Current Time: Thu Jun 17 01:25:08 2021
INFO:root:Current TimeStep: 18000000,  Start Time: Wed Jun 16 20:19:02 2021, Current Time: Thu Jun 17 01:43:14 2021
INFO:root:Current TimeStep: 19000000,  Start Time: Wed Jun 16 20:19:02 2021, Current Time: Thu Jun 17 02:01:41 2021
INFO:root:Current TimeStep: 20000000,  Start Time: Wed Jun 16 20:19:02 2021, Current Time: Thu Jun 17 02:21:10 2021
INFO:root:Current TimeStep: 0,  Start Time: Thu Jun 17 02:21:11 2021, Current Time: Thu Jun 17 02:21:28 2021
INFO:root:Current TimeStep: 50000,  Start Time: Thu Jun 17 02:21:11 2021, Current Time: Thu Jun 17 02:21:58 2021
INFO:root:Current TimeStep: 1000000,  Start Time: Thu Jun 17 02:21:11 2021, Current Time: Thu Jun 17 02:37:31 2021
INFO:root:Current TimeStep: 2000000,  Start Time: Thu Jun 17 02:21:11 2021, Current Time: Thu Jun 17 02:57:16 2021
INFO:root:Current TimeStep: 3000000,  Start Time: Thu Jun 17 02:21:11 2021, Current Time: Thu Jun 17 03:17:15 2021
INFO:root:Current TimeStep: 4000000,  Start Time: Thu Jun 17 02:21:11 2021, Current Time: Thu Jun 17 03:37:20 2021
INFO:root:Current TimeStep: 5000000,  Start Time: Thu Jun 17 02:21:11 2021, Current Time: Thu Jun 17 03:57:17 2021
INFO:root:Current TimeStep: 6000000,  Start Time: Thu Jun 17 02:21:11 2021, Current Time: Thu Jun 17 04:17:15 2021
INFO:root:Current TimeStep: 7000000,  Start Time: Thu Jun 17 02:21:11 2021, Current Time: Thu Jun 17 04:37:14 2021
INFO:root:Current TimeStep: 8000000,  Start Time: Thu Jun 17 02:21:11 2021, Current Time: Thu Jun 17 04:57:11 2021
INFO:root:Current TimeStep: 9000000,  Start Time: Thu Jun 17 02:21:11 2021, Current Time: Thu Jun 17 05:17:09 2021
INFO:root:Current TimeStep: 10000000,  Start Time: Thu Jun 17 02:21:11 2021, Current Time: Thu Jun 17 05:37:05 2021
INFO:root:Current TimeStep: 11000000,  Start Time: Thu Jun 17 02:21:11 2021, Current Time: Thu Jun 17 05:57:03 2021
INFO:root:Current TimeStep: 12000000,  Start Time: Thu Jun 17 02:21:11 2021, Current Time: Thu Jun 17 06:17:01 2021
INFO:root:Current TimeStep: 13000000,  Start Time: Thu Jun 17 02:21:11 2021, Current Time: Thu Jun 17 06:36:44 2021
INFO:root:Current TimeStep: 14000000,  Start Time: Thu Jun 17 02:21:11 2021, Current Time: Thu Jun 17 06:55:51 2021
INFO:root:Current TimeStep: 15000000,  Start Time: Thu Jun 17 02:21:11 2021, Current Time: Thu Jun 17 07:14:58 2021
INFO:root:Current TimeStep: 16000000,  Start Time: Thu Jun 17 02:21:11 2021, Current Time: Thu Jun 17 07:34:04 2021
INFO:root:Current TimeStep: 17000000,  Start Time: Thu Jun 17 02:21:11 2021, Current Time: Thu Jun 17 07:53:13 2021
INFO:root:Current TimeStep: 18000000,  Start Time: Thu Jun 17 02:21:11 2021, Current Time: Thu Jun 17 08:12:22 2021
INFO:root:Current TimeStep: 19000000,  Start Time: Thu Jun 17 02:21:11 2021, Current Time: Thu Jun 17 08:31:31 2021
INFO:root:Current TimeStep: 20000000,  Start Time: Thu Jun 17 02:21:11 2021, Current Time: Thu Jun 17 08:50:41 2021
INFO:root:Current TimeStep: 0,  Start Time: Thu Jun 17 08:50:43 2021, Current Time: Thu Jun 17 08:50:43 2021
INFO:root:Current TimeStep: 50000,  Start Time: Thu Jun 17 08:50:43 2021, Current Time: Thu Jun 17 08:51:11 2021
INFO:root:Current TimeStep: 1000000,  Start Time: Thu Jun 17 08:50:43 2021, Current Time: Thu Jun 17 09:05:47 2021
INFO:root:Current TimeStep: 2000000,  Start Time: Thu Jun 17 08:50:43 2021, Current Time: Thu Jun 17 09:22:59 2021
INFO:root:Current TimeStep: 3000000,  Start Time: Thu Jun 17 08:50:43 2021, Current Time: Thu Jun 17 09:41:52 2021
INFO:root:Current TimeStep: 4000000,  Start Time: Thu Jun 17 08:50:43 2021, Current Time: Thu Jun 17 10:01:05 2021
INFO:root:Current TimeStep: 5000000,  Start Time: Thu Jun 17 08:50:43 2021, Current Time: Thu Jun 17 10:20:18 2021
INFO:root:Current TimeStep: 6000000,  Start Time: Thu Jun 17 08:50:43 2021, Current Time: Thu Jun 17 10:39:30 2021
INFO:root:Current TimeStep: 7000000,  Start Time: Thu Jun 17 08:50:43 2021, Current Time: Thu Jun 17 10:58:45 2021
INFO:root:Current TimeStep: 8000000,  Start Time: Thu Jun 17 08:50:43 2021, Current Time: Thu Jun 17 11:17:57 2021
INFO:root:Current TimeStep: 9000000,  Start Time: Thu Jun 17 08:50:43 2021, Current Time: Thu Jun 17 11:37:09 2021
INFO:root:Current TimeStep: 10000000,  Start Time: Thu Jun 17 08:50:43 2021, Current Time: Thu Jun 17 11:56:43 2021
INFO:root:Current TimeStep: 11000000,  Start Time: Thu Jun 17 08:50:43 2021, Current Time: Thu Jun 17 12:16:33 2021
INFO:root:Current TimeStep: 12000000,  Start Time: Thu Jun 17 08:50:43 2021, Current Time: Thu Jun 17 12:36:17 2021
INFO:root:Current TimeStep: 13000000,  Start Time: Thu Jun 17 08:50:43 2021, Current Time: Thu Jun 17 12:56:02 2021
INFO:root:Current TimeStep: 14000000,  Start Time: Thu Jun 17 08:50:43 2021, Current Time: Thu Jun 17 13:16:01 2021
INFO:root:Current TimeStep: 15000000,  Start Time: Thu Jun 17 08:50:43 2021, Current Time: Thu Jun 17 13:35:48 2021
INFO:root:Current TimeStep: 16000000,  Start Time: Thu Jun 17 08:50:43 2021, Current Time: Thu Jun 17 13:55:08 2021
INFO:root:Current TimeStep: 17000000,  Start Time: Thu Jun 17 08:50:43 2021, Current Time: Thu Jun 17 14:14:13 2021
INFO:root:Current TimeStep: 18000000,  Start Time: Thu Jun 17 08:50:43 2021, Current Time: Thu Jun 17 14:33:16 2021
INFO:root:Current TimeStep: 19000000,  Start Time: Thu Jun 17 08:50:43 2021, Current Time: Thu Jun 17 14:52:22 2021
INFO:root:Current TimeStep: 20000000,  Start Time: Thu Jun 17 08:50:43 2021, Current Time: Thu Jun 17 15:11:32 2021
INFO:root:Current TimeStep: 0,  Start Time: Thu Jun 17 15:11:33 2021, Current Time: Thu Jun 17 15:11:57 2021
INFO:root:Current TimeStep: 50000,  Start Time: Thu Jun 17 15:11:33 2021, Current Time: Thu Jun 17 15:12:24 2021
INFO:root:Current TimeStep: 1000000,  Start Time: Thu Jun 17 15:11:33 2021, Current Time: Thu Jun 17 15:25:19 2021
INFO:root:Current TimeStep: 2000000,  Start Time: Thu Jun 17 15:11:33 2021, Current Time: Thu Jun 17 15:41:01 2021
INFO:root:Current TimeStep: 3000000,  Start Time: Thu Jun 17 15:11:33 2021, Current Time: Thu Jun 17 15:59:01 2021
INFO:root:Current TimeStep: 4000000,  Start Time: Thu Jun 17 15:11:33 2021, Current Time: Thu Jun 17 16:17:04 2021
INFO:root:Current TimeStep: 5000000,  Start Time: Thu Jun 17 15:11:33 2021, Current Time: Thu Jun 17 16:35:06 2021
INFO:root:Current TimeStep: 6000000,  Start Time: Thu Jun 17 15:11:33 2021, Current Time: Thu Jun 17 16:53:05 2021
INFO:root:Current TimeStep: 7000000,  Start Time: Thu Jun 17 15:11:33 2021, Current Time: Thu Jun 17 17:11:06 2021
INFO:root:Current TimeStep: 8000000,  Start Time: Thu Jun 17 15:11:33 2021, Current Time: Thu Jun 17 17:28:41 2021
INFO:root:Current TimeStep: 9000000,  Start Time: Thu Jun 17 15:11:33 2021, Current Time: Thu Jun 17 17:46:21 2021
INFO:root:Current TimeStep: 10000000,  Start Time: Thu Jun 17 15:11:33 2021, Current Time: Thu Jun 17 18:04:20 2021
INFO:root:Current TimeStep: 11000000,  Start Time: Thu Jun 17 15:11:33 2021, Current Time: Thu Jun 17 18:22:27 2021
INFO:root:Current TimeStep: 12000000,  Start Time: Thu Jun 17 15:11:33 2021, Current Time: Thu Jun 17 18:39:56 2021
INFO:root:Current TimeStep: 13000000,  Start Time: Thu Jun 17 15:11:33 2021, Current Time: Thu Jun 17 18:57:25 2021
INFO:root:Current TimeStep: 14000000,  Start Time: Thu Jun 17 15:11:33 2021, Current Time: Thu Jun 17 19:14:54 2021
INFO:root:Current TimeStep: 15000000,  Start Time: Thu Jun 17 15:11:33 2021, Current Time: Thu Jun 17 19:32:26 2021
INFO:root:Current TimeStep: 16000000,  Start Time: Thu Jun 17 15:11:33 2021, Current Time: Thu Jun 17 19:49:59 2021
INFO:root:Current TimeStep: 17000000,  Start Time: Thu Jun 17 15:11:33 2021, Current Time: Thu Jun 17 20:07:31 2021
INFO:root:Current TimeStep: 18000000,  Start Time: Thu Jun 17 15:11:33 2021, Current Time: Thu Jun 17 20:25:03 2021
INFO:root:Current TimeStep: 19000000,  Start Time: Thu Jun 17 15:11:33 2021, Current Time: Thu Jun 17 20:42:35 2021
INFO:root:Current TimeStep: 20000000,  Start Time: Thu Jun 17 15:11:33 2021, Current Time: Thu Jun 17 21:00:05 2021
INFO:root:Current TimeStep: 0,  Start Time: Thu Jun 17 21:00:06 2021, Current Time: Thu Jun 17 21:00:06 2021
INFO:root:Current TimeStep: 50000,  Start Time: Thu Jun 17 21:00:06 2021, Current Time: Thu Jun 17 21:00:35 2021
INFO:root:Current TimeStep: 1000000,  Start Time: Thu Jun 17 21:00:06 2021, Current Time: Thu Jun 17 21:15:28 2021
INFO:root:Current TimeStep: 2000000,  Start Time: Thu Jun 17 21:00:06 2021, Current Time: Thu Jun 17 21:33:00 2021
INFO:root:Current TimeStep: 3000000,  Start Time: Thu Jun 17 21:00:06 2021, Current Time: Thu Jun 17 21:52:13 2021
INFO:root:Current TimeStep: 4000000,  Start Time: Thu Jun 17 21:00:06 2021, Current Time: Thu Jun 17 22:11:44 2021
INFO:root:Current TimeStep: 5000000,  Start Time: Thu Jun 17 21:00:06 2021, Current Time: Thu Jun 17 22:31:16 2021
INFO:root:Current TimeStep: 6000000,  Start Time: Thu Jun 17 21:00:06 2021, Current Time: Thu Jun 17 22:50:47 2021
INFO:root:Current TimeStep: 7000000,  Start Time: Thu Jun 17 21:00:06 2021, Current Time: Thu Jun 17 23:10:18 2021
INFO:root:Current TimeStep: 8000000,  Start Time: Thu Jun 17 21:00:06 2021, Current Time: Thu Jun 17 23:29:51 2021
INFO:root:Current TimeStep: 9000000,  Start Time: Thu Jun 17 21:00:06 2021, Current Time: Thu Jun 17 23:49:25 2021
INFO:root:Current TimeStep: 10000000,  Start Time: Thu Jun 17 21:00:06 2021, Current Time: Fri Jun 18 00:08:55 2021
INFO:root:Current TimeStep: 11000000,  Start Time: Thu Jun 17 21:00:06 2021, Current Time: Fri Jun 18 00:28:28 2021
INFO:root:Current TimeStep: 12000000,  Start Time: Thu Jun 17 21:00:06 2021, Current Time: Fri Jun 18 00:47:59 2021
INFO:root:Current TimeStep: 13000000,  Start Time: Thu Jun 17 21:00:06 2021, Current Time: Fri Jun 18 01:07:30 2021
INFO:root:Current TimeStep: 14000000,  Start Time: Thu Jun 17 21:00:06 2021, Current Time: Fri Jun 18 01:27:18 2021
INFO:root:Current TimeStep: 15000000,  Start Time: Thu Jun 17 21:00:06 2021, Current Time: Fri Jun 18 01:47:12 2021
INFO:root:Current TimeStep: 16000000,  Start Time: Thu Jun 17 21:00:06 2021, Current Time: Fri Jun 18 02:07:18 2021
INFO:root:Current TimeStep: 17000000,  Start Time: Thu Jun 17 21:00:06 2021, Current Time: Fri Jun 18 02:27:23 2021
INFO:root:Current TimeStep: 18000000,  Start Time: Thu Jun 17 21:00:06 2021, Current Time: Fri Jun 18 02:46:47 2021
INFO:root:Current TimeStep: 19000000,  Start Time: Thu Jun 17 21:00:06 2021, Current Time: Fri Jun 18 03:05:58 2021
INFO:root:Current TimeStep: 20000000,  Start Time: Thu Jun 17 21:00:06 2021, Current Time: Fri Jun 18 03:25:13 2021
INFO:root:Current TimeStep: 0,  Start Time: Fri Jun 18 03:25:14 2021, Current Time: Fri Jun 18 03:25:27 2021
INFO:root:Current TimeStep: 50000,  Start Time: Fri Jun 18 03:25:14 2021, Current Time: Fri Jun 18 03:25:56 2021
INFO:root:Current TimeStep: 1000000,  Start Time: Fri Jun 18 03:25:14 2021, Current Time: Fri Jun 18 03:40:44 2021
INFO:root:Current TimeStep: 2000000,  Start Time: Fri Jun 18 03:25:14 2021, Current Time: Fri Jun 18 03:58:09 2021
INFO:root:Current TimeStep: 3000000,  Start Time: Fri Jun 18 03:25:14 2021, Current Time: Fri Jun 18 04:17:21 2021
INFO:root:Current TimeStep: 4000000,  Start Time: Fri Jun 18 03:25:14 2021, Current Time: Fri Jun 18 04:36:56 2021
