INFO:root:Current TimeStep: 0,  Start Time: Fri Jun 11 12:29:59 2021, Current Time: Fri Jun 11 12:30:00 2021
INFO:root:Current TimeStep: 50000,  Start Time: Fri Jun 11 12:29:59 2021, Current Time: Fri Jun 11 12:30:16 2021
INFO:root:Current TimeStep: 1000000,  Start Time: Fri Jun 11 12:29:59 2021, Current Time: Fri Jun 11 12:44:34 2021
INFO:root:Current TimeStep: 2000000,  Start Time: Fri Jun 11 12:29:59 2021, Current Time: Fri Jun 11 13:00:05 2021
INFO:root:Current TimeStep: 3000000,  Start Time: Fri Jun 11 12:29:59 2021, Current Time: Fri Jun 11 13:16:12 2021
INFO:root:Current TimeStep: 4000000,  Start Time: Fri Jun 11 12:29:59 2021, Current Time: Fri Jun 11 13:33:00 2021
INFO:root:Current TimeStep: 5000000,  Start Time: Fri Jun 11 12:29:59 2021, Current Time: Fri Jun 11 13:50:27 2021
INFO:root:Current TimeStep: 6000000,  Start Time: Fri Jun 11 12:29:59 2021, Current Time: Fri Jun 11 14:08:38 2021
INFO:root:Current TimeStep: 7000000,  Start Time: Fri Jun 11 12:29:59 2021, Current Time: Fri Jun 11 14:27:30 2021
INFO:root:Current TimeStep: 8000000,  Start Time: Fri Jun 11 12:29:59 2021, Current Time: Fri Jun 11 14:46:58 2021
INFO:root:Current TimeStep: 9000000,  Start Time: Fri Jun 11 12:29:59 2021, Current Time: Fri Jun 11 15:06:45 2021
INFO:root:Current TimeStep: 10000000,  Start Time: Fri Jun 11 12:29:59 2021, Current Time: Fri Jun 11 15:26:33 2021
INFO:root:Current TimeStep: 11000000,  Start Time: Fri Jun 11 12:29:59 2021, Current Time: Fri Jun 11 15:46:13 2021
INFO:root:Current TimeStep: 12000000,  Start Time: Fri Jun 11 12:29:59 2021, Current Time: Fri Jun 11 16:05:50 2021
INFO:root:Current TimeStep: 13000000,  Start Time: Fri Jun 11 12:29:59 2021, Current Time: Fri Jun 11 16:25:34 2021
INFO:root:Current TimeStep: 14000000,  Start Time: Fri Jun 11 12:29:59 2021, Current Time: Fri Jun 11 16:45:23 2021
INFO:root:Current TimeStep: 15000000,  Start Time: Fri Jun 11 12:29:59 2021, Current Time: Fri Jun 11 17:05:11 2021
INFO:root:Current TimeStep: 16000000,  Start Time: Fri Jun 11 12:29:59 2021, Current Time: Fri Jun 11 17:24:51 2021
INFO:root:Current TimeStep: 17000000,  Start Time: Fri Jun 11 12:29:59 2021, Current Time: Fri Jun 11 17:44:31 2021
INFO:root:Current TimeStep: 18000000,  Start Time: Fri Jun 11 12:29:59 2021, Current Time: Fri Jun 11 18:04:13 2021
INFO:root:Current TimeStep: 19000000,  Start Time: Fri Jun 11 12:29:59 2021, Current Time: Fri Jun 11 18:23:53 2021
INFO:root:Current TimeStep: 20000000,  Start Time: Fri Jun 11 12:29:59 2021, Current Time: Fri Jun 11 18:43:32 2021
INFO:root:Current TimeStep: 21000000,  Start Time: Fri Jun 11 12:29:59 2021, Current Time: Fri Jun 11 19:03:03 2021
INFO:root:Current TimeStep: 22000000,  Start Time: Fri Jun 11 12:29:59 2021, Current Time: Fri Jun 11 19:22:35 2021
INFO:root:Current TimeStep: 23000000,  Start Time: Fri Jun 11 12:29:59 2021, Current Time: Fri Jun 11 19:42:19 2021
INFO:root:Current TimeStep: 24000000,  Start Time: Fri Jun 11 12:29:59 2021, Current Time: Fri Jun 11 20:01:54 2021
INFO:root:Current TimeStep: 25000000,  Start Time: Fri Jun 11 12:29:59 2021, Current Time: Fri Jun 11 20:21:32 2021
INFO:root:Current TimeStep: 26000000,  Start Time: Fri Jun 11 12:29:59 2021, Current Time: Fri Jun 11 20:41:16 2021
INFO:root:Current TimeStep: 27000000,  Start Time: Fri Jun 11 12:29:59 2021, Current Time: Fri Jun 11 21:01:05 2021
INFO:root:Current TimeStep: 28000000,  Start Time: Fri Jun 11 12:29:59 2021, Current Time: Fri Jun 11 21:20:54 2021
INFO:root:Current TimeStep: 29000000,  Start Time: Fri Jun 11 12:29:59 2021, Current Time: Fri Jun 11 21:40:37 2021
INFO:root:Current TimeStep: 30000000,  Start Time: Fri Jun 11 12:29:59 2021, Current Time: Fri Jun 11 22:01:39 2021
INFO:root:Current TimeStep: 31000000,  Start Time: Fri Jun 11 12:29:59 2021, Current Time: Fri Jun 11 22:28:37 2021
INFO:root:Current TimeStep: 32000000,  Start Time: Fri Jun 11 12:29:59 2021, Current Time: Fri Jun 11 22:56:16 2021
INFO:root:Current TimeStep: 33000000,  Start Time: Fri Jun 11 12:29:59 2021, Current Time: Fri Jun 11 23:24:28 2021
INFO:root:Current TimeStep: 34000000,  Start Time: Fri Jun 11 12:29:59 2021, Current Time: Fri Jun 11 23:49:43 2021
INFO:root:Current TimeStep: 35000000,  Start Time: Fri Jun 11 12:29:59 2021, Current Time: Sat Jun 12 00:09:26 2021
INFO:root:Current TimeStep: 36000000,  Start Time: Fri Jun 11 12:29:59 2021, Current Time: Sat Jun 12 00:29:06 2021
INFO:root:Current TimeStep: 37000000,  Start Time: Fri Jun 11 12:29:59 2021, Current Time: Sat Jun 12 00:48:47 2021
INFO:root:Current TimeStep: 38000000,  Start Time: Fri Jun 11 12:29:59 2021, Current Time: Sat Jun 12 01:08:29 2021
INFO:root:Current TimeStep: 39000000,  Start Time: Fri Jun 11 12:29:59 2021, Current Time: Sat Jun 12 01:28:10 2021
INFO:root:Current TimeStep: 40000000,  Start Time: Fri Jun 11 12:29:59 2021, Current Time: Sat Jun 12 01:47:49 2021
INFO:root:Current TimeStep: 41000000,  Start Time: Fri Jun 11 12:29:59 2021, Current Time: Sat Jun 12 02:07:26 2021
INFO:root:Current TimeStep: 42000000,  Start Time: Fri Jun 11 12:29:59 2021, Current Time: Sat Jun 12 02:27:04 2021
INFO:root:Current TimeStep: 43000000,  Start Time: Fri Jun 11 12:29:59 2021, Current Time: Sat Jun 12 02:46:42 2021
INFO:root:Current TimeStep: 44000000,  Start Time: Fri Jun 11 12:29:59 2021, Current Time: Sat Jun 12 03:06:32 2021
INFO:root:Current TimeStep: 45000000,  Start Time: Fri Jun 11 12:29:59 2021, Current Time: Sat Jun 12 03:26:14 2021
INFO:root:Current TimeStep: 46000000,  Start Time: Fri Jun 11 12:29:59 2021, Current Time: Sat Jun 12 03:45:54 2021
INFO:root:Current TimeStep: 47000000,  Start Time: Fri Jun 11 12:29:59 2021, Current Time: Sat Jun 12 04:05:35 2021
INFO:root:Current TimeStep: 48000000,  Start Time: Fri Jun 11 12:29:59 2021, Current Time: Sat Jun 12 04:25:02 2021
INFO:root:Current TimeStep: 49000000,  Start Time: Fri Jun 11 12:29:59 2021, Current Time: Sat Jun 12 04:44:29 2021
INFO:root:Current TimeStep: 50000000,  Start Time: Fri Jun 11 12:29:59 2021, Current Time: Sat Jun 12 05:03:56 2021
INFO:root:Current TimeStep: 51000000,  Start Time: Fri Jun 11 12:29:59 2021, Current Time: Sat Jun 12 05:23:24 2021
INFO:root:Current TimeStep: 52000000,  Start Time: Fri Jun 11 12:29:59 2021, Current Time: Sat Jun 12 05:42:49 2021
INFO:root:Current TimeStep: 53000000,  Start Time: Fri Jun 11 12:29:59 2021, Current Time: Sat Jun 12 06:02:15 2021
INFO:root:Current TimeStep: 54000000,  Start Time: Fri Jun 11 12:29:59 2021, Current Time: Sat Jun 12 06:21:41 2021
INFO:root:Current TimeStep: 55000000,  Start Time: Fri Jun 11 12:29:59 2021, Current Time: Sat Jun 12 06:41:09 2021
INFO:root:Current TimeStep: 56000000,  Start Time: Fri Jun 11 12:29:59 2021, Current Time: Sat Jun 12 07:00:35 2021
INFO:root:Current TimeStep: 57000000,  Start Time: Fri Jun 11 12:29:59 2021, Current Time: Sat Jun 12 07:20:04 2021
INFO:root:Current TimeStep: 58000000,  Start Time: Fri Jun 11 12:29:59 2021, Current Time: Sat Jun 12 07:39:28 2021
INFO:root:Current TimeStep: 59000000,  Start Time: Fri Jun 11 12:29:59 2021, Current Time: Sat Jun 12 07:58:52 2021
INFO:root:Current TimeStep: 60000000,  Start Time: Fri Jun 11 12:29:59 2021, Current Time: Sat Jun 12 08:18:15 2021
INFO:root:Current TimeStep: 61000000,  Start Time: Fri Jun 11 12:29:59 2021, Current Time: Sat Jun 12 08:37:36 2021
INFO:root:Current TimeStep: 62000000,  Start Time: Fri Jun 11 12:29:59 2021, Current Time: Sat Jun 12 08:56:57 2021
INFO:root:Current TimeStep: 63000000,  Start Time: Fri Jun 11 12:29:59 2021, Current Time: Sat Jun 12 09:16:20 2021
INFO:root:Current TimeStep: 64000000,  Start Time: Fri Jun 11 12:29:59 2021, Current Time: Sat Jun 12 09:35:39 2021
INFO:root:Current TimeStep: 65000000,  Start Time: Fri Jun 11 12:29:59 2021, Current Time: Sat Jun 12 09:54:59 2021
INFO:root:Current TimeStep: 66000000,  Start Time: Fri Jun 11 12:29:59 2021, Current Time: Sat Jun 12 10:14:19 2021
INFO:root:Current TimeStep: 67000000,  Start Time: Fri Jun 11 12:29:59 2021, Current Time: Sat Jun 12 10:33:39 2021
INFO:root:Current TimeStep: 68000000,  Start Time: Fri Jun 11 12:29:59 2021, Current Time: Sat Jun 12 10:53:01 2021
INFO:root:Current TimeStep: 69000000,  Start Time: Fri Jun 11 12:29:59 2021, Current Time: Sat Jun 12 11:12:24 2021
INFO:root:Current TimeStep: 70000000,  Start Time: Fri Jun 11 12:29:59 2021, Current Time: Sat Jun 12 11:31:44 2021
INFO:root:Current TimeStep: 71000000,  Start Time: Fri Jun 11 12:29:59 2021, Current Time: Sat Jun 12 11:51:04 2021
INFO:root:Current TimeStep: 72000000,  Start Time: Fri Jun 11 12:29:59 2021, Current Time: Sat Jun 12 12:10:24 2021
INFO:root:Current TimeStep: 73000000,  Start Time: Fri Jun 11 12:29:59 2021, Current Time: Sat Jun 12 12:29:44 2021
INFO:root:Current TimeStep: 74000000,  Start Time: Fri Jun 11 12:29:59 2021, Current Time: Sat Jun 12 12:49:05 2021
INFO:root:Current TimeStep: 75000000,  Start Time: Fri Jun 11 12:29:59 2021, Current Time: Sat Jun 12 13:08:33 2021
INFO:root:Current TimeStep: 0,  Start Time: Sat Jun 12 20:35:56 2021, Current Time: Sat Jun 12 20:35:57 2021
INFO:root:Current TimeStep: 50000,  Start Time: Sat Jun 12 20:35:56 2021, Current Time: Sat Jun 12 20:36:13 2021
INFO:root:Current TimeStep: 1000000,  Start Time: Sat Jun 12 20:35:56 2021, Current Time: Sat Jun 12 20:50:08 2021
INFO:root:Current TimeStep: 2000000,  Start Time: Sat Jun 12 20:35:56 2021, Current Time: Sat Jun 12 21:05:05 2021
INFO:root:Current TimeStep: 3000000,  Start Time: Sat Jun 12 20:35:56 2021, Current Time: Sat Jun 12 21:20:18 2021
INFO:root:Current TimeStep: 4000000,  Start Time: Sat Jun 12 20:35:56 2021, Current Time: Sat Jun 12 21:35:51 2021
INFO:root:Current TimeStep: 5000000,  Start Time: Sat Jun 12 20:35:56 2021, Current Time: Sat Jun 12 21:51:45 2021
INFO:root:Current TimeStep: 6000000,  Start Time: Sat Jun 12 20:35:56 2021, Current Time: Sat Jun 12 22:07:59 2021
INFO:root:Current TimeStep: 7000000,  Start Time: Sat Jun 12 20:35:56 2021, Current Time: Sat Jun 12 22:24:34 2021
INFO:root:Current TimeStep: 8000000,  Start Time: Sat Jun 12 20:35:56 2021, Current Time: Sat Jun 12 22:41:28 2021
INFO:root:Current TimeStep: 9000000,  Start Time: Sat Jun 12 20:35:56 2021, Current Time: Sat Jun 12 22:58:42 2021
INFO:root:Current TimeStep: 10000000,  Start Time: Sat Jun 12 20:35:56 2021, Current Time: Sat Jun 12 23:16:18 2021
INFO:root:Current TimeStep: 11000000,  Start Time: Sat Jun 12 20:35:56 2021, Current Time: Sat Jun 12 23:34:14 2021
INFO:root:Current TimeStep: 12000000,  Start Time: Sat Jun 12 20:35:56 2021, Current Time: Sat Jun 12 23:52:29 2021
INFO:root:Current TimeStep: 13000000,  Start Time: Sat Jun 12 20:35:56 2021, Current Time: Sun Jun 13 00:11:05 2021
INFO:root:Current TimeStep: 14000000,  Start Time: Sat Jun 12 20:35:56 2021, Current Time: Sun Jun 13 00:30:01 2021
INFO:root:Current TimeStep: 15000000,  Start Time: Sat Jun 12 20:35:56 2021, Current Time: Sun Jun 13 00:49:17 2021
INFO:root:Current TimeStep: 16000000,  Start Time: Sat Jun 12 20:35:56 2021, Current Time: Sun Jun 13 01:08:42 2021
INFO:root:Current TimeStep: 17000000,  Start Time: Sat Jun 12 20:35:56 2021, Current Time: Sun Jun 13 01:28:08 2021
INFO:root:Current TimeStep: 18000000,  Start Time: Sat Jun 12 20:35:56 2021, Current Time: Sun Jun 13 01:47:35 2021
INFO:root:Current TimeStep: 19000000,  Start Time: Sat Jun 12 20:35:56 2021, Current Time: Sun Jun 13 02:07:01 2021
INFO:root:Current TimeStep: 20000000,  Start Time: Sat Jun 12 20:35:56 2021, Current Time: Sun Jun 13 02:26:27 2021
INFO:root:Current TimeStep: 21000000,  Start Time: Sat Jun 12 20:35:56 2021, Current Time: Sun Jun 13 02:45:52 2021
INFO:root:Current TimeStep: 22000000,  Start Time: Sat Jun 12 20:35:56 2021, Current Time: Sun Jun 13 03:05:18 2021
INFO:root:Current TimeStep: 23000000,  Start Time: Sat Jun 12 20:35:56 2021, Current Time: Sun Jun 13 03:24:44 2021
INFO:root:Current TimeStep: 24000000,  Start Time: Sat Jun 12 20:35:56 2021, Current Time: Sun Jun 13 03:44:11 2021
INFO:root:Current TimeStep: 25000000,  Start Time: Sat Jun 12 20:35:56 2021, Current Time: Sun Jun 13 04:03:37 2021
INFO:root:Current TimeStep: 26000000,  Start Time: Sat Jun 12 20:35:56 2021, Current Time: Sun Jun 13 04:23:09 2021
INFO:root:Current TimeStep: 27000000,  Start Time: Sat Jun 12 20:35:56 2021, Current Time: Sun Jun 13 04:42:36 2021
INFO:root:Current TimeStep: 28000000,  Start Time: Sat Jun 12 20:35:56 2021, Current Time: Sun Jun 13 05:02:02 2021
INFO:root:Current TimeStep: 29000000,  Start Time: Sat Jun 12 20:35:56 2021, Current Time: Sun Jun 13 05:21:29 2021
INFO:root:Current TimeStep: 30000000,  Start Time: Sat Jun 12 20:35:56 2021, Current Time: Sun Jun 13 05:40:55 2021
INFO:root:Current TimeStep: 31000000,  Start Time: Sat Jun 12 20:35:56 2021, Current Time: Sun Jun 13 06:00:20 2021
INFO:root:Current TimeStep: 32000000,  Start Time: Sat Jun 12 20:35:56 2021, Current Time: Sun Jun 13 06:19:47 2021
INFO:root:Current TimeStep: 33000000,  Start Time: Sat Jun 12 20:35:56 2021, Current Time: Sun Jun 13 06:39:13 2021
INFO:root:Current TimeStep: 34000000,  Start Time: Sat Jun 12 20:35:56 2021, Current Time: Sun Jun 13 06:58:39 2021
INFO:root:Current TimeStep: 35000000,  Start Time: Sat Jun 12 20:35:56 2021, Current Time: Sun Jun 13 07:18:07 2021
INFO:root:Current TimeStep: 36000000,  Start Time: Sat Jun 12 20:35:56 2021, Current Time: Sun Jun 13 07:37:33 2021
INFO:root:Current TimeStep: 37000000,  Start Time: Sat Jun 12 20:35:56 2021, Current Time: Sun Jun 13 07:56:59 2021
INFO:root:Current TimeStep: 38000000,  Start Time: Sat Jun 12 20:35:56 2021, Current Time: Sun Jun 13 08:16:26 2021
INFO:root:Current TimeStep: 39000000,  Start Time: Sat Jun 12 20:35:56 2021, Current Time: Sun Jun 13 08:35:52 2021
INFO:root:Current TimeStep: 40000000,  Start Time: Sat Jun 12 20:35:56 2021, Current Time: Sun Jun 13 08:55:19 2021
INFO:root:Current TimeStep: 41000000,  Start Time: Sat Jun 12 20:35:56 2021, Current Time: Sun Jun 13 09:14:45 2021
INFO:root:Current TimeStep: 42000000,  Start Time: Sat Jun 12 20:35:56 2021, Current Time: Sun Jun 13 09:34:12 2021
INFO:root:Current TimeStep: 43000000,  Start Time: Sat Jun 12 20:35:56 2021, Current Time: Sun Jun 13 09:53:39 2021
INFO:root:Current TimeStep: 44000000,  Start Time: Sat Jun 12 20:35:56 2021, Current Time: Sun Jun 13 10:13:05 2021
INFO:root:Current TimeStep: 45000000,  Start Time: Sat Jun 12 20:35:56 2021, Current Time: Sun Jun 13 10:32:32 2021
INFO:root:Current TimeStep: 46000000,  Start Time: Sat Jun 12 20:35:56 2021, Current Time: Sun Jun 13 10:51:59 2021
INFO:root:Current TimeStep: 47000000,  Start Time: Sat Jun 12 20:35:56 2021, Current Time: Sun Jun 13 11:11:27 2021
INFO:root:Current TimeStep: 48000000,  Start Time: Sat Jun 12 20:35:56 2021, Current Time: Sun Jun 13 11:30:57 2021
INFO:root:Current TimeStep: 49000000,  Start Time: Sat Jun 12 20:35:56 2021, Current Time: Sun Jun 13 11:50:25 2021
INFO:root:Current TimeStep: 50000000,  Start Time: Sat Jun 12 20:35:56 2021, Current Time: Sun Jun 13 12:09:51 2021
INFO:root:Current TimeStep: 51000000,  Start Time: Sat Jun 12 20:35:56 2021, Current Time: Sun Jun 13 12:29:19 2021
INFO:root:Current TimeStep: 52000000,  Start Time: Sat Jun 12 20:35:56 2021, Current Time: Sun Jun 13 12:48:47 2021
INFO:root:Current TimeStep: 53000000,  Start Time: Sat Jun 12 20:35:56 2021, Current Time: Sun Jun 13 13:08:19 2021
INFO:root:Current TimeStep: 54000000,  Start Time: Sat Jun 12 20:35:56 2021, Current Time: Sun Jun 13 13:27:49 2021
INFO:root:Current TimeStep: 55000000,  Start Time: Sat Jun 12 20:35:56 2021, Current Time: Sun Jun 13 13:47:23 2021
INFO:root:Current TimeStep: 56000000,  Start Time: Sat Jun 12 20:35:56 2021, Current Time: Sun Jun 13 14:07:05 2021
INFO:root:Current TimeStep: 57000000,  Start Time: Sat Jun 12 20:35:56 2021, Current Time: Sun Jun 13 14:26:48 2021
INFO:root:Current TimeStep: 58000000,  Start Time: Sat Jun 12 20:35:56 2021, Current Time: Sun Jun 13 14:46:32 2021
INFO:root:Current TimeStep: 59000000,  Start Time: Sat Jun 12 20:35:56 2021, Current Time: Sun Jun 13 15:06:14 2021
INFO:root:Current TimeStep: 60000000,  Start Time: Sat Jun 12 20:35:56 2021, Current Time: Sun Jun 13 15:25:56 2021
INFO:root:Current TimeStep: 61000000,  Start Time: Sat Jun 12 20:35:56 2021, Current Time: Sun Jun 13 15:45:39 2021
INFO:root:Current TimeStep: 62000000,  Start Time: Sat Jun 12 20:35:56 2021, Current Time: Sun Jun 13 16:05:21 2021
INFO:root:Current TimeStep: 63000000,  Start Time: Sat Jun 12 20:35:56 2021, Current Time: Sun Jun 13 16:25:04 2021
INFO:root:Current TimeStep: 64000000,  Start Time: Sat Jun 12 20:35:56 2021, Current Time: Sun Jun 13 16:44:45 2021
INFO:root:Current TimeStep: 65000000,  Start Time: Sat Jun 12 20:35:56 2021, Current Time: Sun Jun 13 17:04:27 2021
INFO:root:Current TimeStep: 66000000,  Start Time: Sat Jun 12 20:35:56 2021, Current Time: Sun Jun 13 17:24:11 2021
INFO:root:Current TimeStep: 67000000,  Start Time: Sat Jun 12 20:35:56 2021, Current Time: Sun Jun 13 17:43:55 2021
INFO:root:Current TimeStep: 68000000,  Start Time: Sat Jun 12 20:35:56 2021, Current Time: Sun Jun 13 18:03:40 2021
INFO:root:Current TimeStep: 69000000,  Start Time: Sat Jun 12 20:35:56 2021, Current Time: Sun Jun 13 18:23:23 2021
INFO:root:Current TimeStep: 70000000,  Start Time: Sat Jun 12 20:35:56 2021, Current Time: Sun Jun 13 18:43:05 2021
INFO:root:Current TimeStep: 71000000,  Start Time: Sat Jun 12 20:35:56 2021, Current Time: Sun Jun 13 19:02:48 2021
INFO:root:Current TimeStep: 72000000,  Start Time: Sat Jun 12 20:35:56 2021, Current Time: Sun Jun 13 19:22:32 2021
INFO:root:Current TimeStep: 73000000,  Start Time: Sat Jun 12 20:35:56 2021, Current Time: Sun Jun 13 19:42:15 2021
INFO:root:Current TimeStep: 74000000,  Start Time: Sat Jun 12 20:35:56 2021, Current Time: Sun Jun 13 20:01:58 2021
INFO:root:Current TimeStep: 75000000,  Start Time: Sat Jun 12 20:35:56 2021, Current Time: Sun Jun 13 20:21:41 2021
INFO:root:Current TimeStep: 76000000,  Start Time: Sat Jun 12 20:35:56 2021, Current Time: Sun Jun 13 20:41:25 2021
INFO:root:Current TimeStep: 77000000,  Start Time: Sat Jun 12 20:35:56 2021, Current Time: Sun Jun 13 21:01:09 2021
INFO:root:Current TimeStep: 78000000,  Start Time: Sat Jun 12 20:35:56 2021, Current Time: Sun Jun 13 21:20:53 2021
INFO:root:Current TimeStep: 79000000,  Start Time: Sat Jun 12 20:35:56 2021, Current Time: Sun Jun 13 21:40:37 2021
INFO:root:Current TimeStep: 80000000,  Start Time: Sat Jun 12 20:35:56 2021, Current Time: Sun Jun 13 22:00:18 2021
INFO:root:Current TimeStep: 81000000,  Start Time: Sat Jun 12 20:35:56 2021, Current Time: Sun Jun 13 22:20:02 2021
INFO:root:Current TimeStep: 82000000,  Start Time: Sat Jun 12 20:35:56 2021, Current Time: Sun Jun 13 22:39:47 2021
INFO:root:Current TimeStep: 83000000,  Start Time: Sat Jun 12 20:35:56 2021, Current Time: Sun Jun 13 22:59:33 2021
INFO:root:Current TimeStep: 84000000,  Start Time: Sat Jun 12 20:35:56 2021, Current Time: Sun Jun 13 23:19:18 2021
INFO:root:Current TimeStep: 85000000,  Start Time: Sat Jun 12 20:35:56 2021, Current Time: Sun Jun 13 23:39:05 2021
INFO:root:Current TimeStep: 86000000,  Start Time: Sat Jun 12 20:35:56 2021, Current Time: Sun Jun 13 23:58:46 2021
INFO:root:Current TimeStep: 87000000,  Start Time: Sat Jun 12 20:35:56 2021, Current Time: Mon Jun 14 00:18:28 2021
INFO:root:Current TimeStep: 88000000,  Start Time: Sat Jun 12 20:35:56 2021, Current Time: Mon Jun 14 00:38:08 2021
INFO:root:Current TimeStep: 89000000,  Start Time: Sat Jun 12 20:35:56 2021, Current Time: Mon Jun 14 00:57:50 2021
INFO:root:Current TimeStep: 90000000,  Start Time: Sat Jun 12 20:35:56 2021, Current Time: Mon Jun 14 01:17:35 2021
INFO:root:Current TimeStep: 91000000,  Start Time: Sat Jun 12 20:35:56 2021, Current Time: Mon Jun 14 01:37:24 2021
INFO:root:Current TimeStep: 92000000,  Start Time: Sat Jun 12 20:35:56 2021, Current Time: Mon Jun 14 01:57:10 2021
INFO:root:Current TimeStep: 93000000,  Start Time: Sat Jun 12 20:35:56 2021, Current Time: Mon Jun 14 02:16:55 2021
INFO:root:Current TimeStep: 94000000,  Start Time: Sat Jun 12 20:35:56 2021, Current Time: Mon Jun 14 02:36:38 2021
INFO:root:Current TimeStep: 95000000,  Start Time: Sat Jun 12 20:35:56 2021, Current Time: Mon Jun 14 02:56:23 2021
INFO:root:Current TimeStep: 96000000,  Start Time: Sat Jun 12 20:35:56 2021, Current Time: Mon Jun 14 03:16:09 2021
INFO:root:Current TimeStep: 97000000,  Start Time: Sat Jun 12 20:35:56 2021, Current Time: Mon Jun 14 03:35:48 2021
INFO:root:Current TimeStep: 98000000,  Start Time: Sat Jun 12 20:35:56 2021, Current Time: Mon Jun 14 03:55:31 2021
INFO:root:Current TimeStep: 99000000,  Start Time: Sat Jun 12 20:35:56 2021, Current Time: Mon Jun 14 04:15:15 2021
INFO:root:Current TimeStep: 100000000,  Start Time: Sat Jun 12 20:35:56 2021, Current Time: Mon Jun 14 04:34:57 2021
INFO:root:Current TimeStep: 101000000,  Start Time: Sat Jun 12 20:35:56 2021, Current Time: Mon Jun 14 04:54:39 2021
INFO:root:Current TimeStep: 102000000,  Start Time: Sat Jun 12 20:35:56 2021, Current Time: Mon Jun 14 05:14:20 2021
INFO:root:Current TimeStep: 103000000,  Start Time: Sat Jun 12 20:35:56 2021, Current Time: Mon Jun 14 05:34:00 2021
INFO:root:Current TimeStep: 104000000,  Start Time: Sat Jun 12 20:35:56 2021, Current Time: Mon Jun 14 05:53:42 2021
INFO:root:Current TimeStep: 105000000,  Start Time: Sat Jun 12 20:35:56 2021, Current Time: Mon Jun 14 06:13:23 2021
INFO:root:Current TimeStep: 106000000,  Start Time: Sat Jun 12 20:35:56 2021, Current Time: Mon Jun 14 06:33:05 2021
INFO:root:Current TimeStep: 107000000,  Start Time: Sat Jun 12 20:35:56 2021, Current Time: Mon Jun 14 06:52:45 2021
INFO:root:Current TimeStep: 108000000,  Start Time: Sat Jun 12 20:35:56 2021, Current Time: Mon Jun 14 07:12:28 2021
INFO:root:Current TimeStep: 109000000,  Start Time: Sat Jun 12 20:35:56 2021, Current Time: Mon Jun 14 07:32:10 2021
INFO:root:Current TimeStep: 110000000,  Start Time: Sat Jun 12 20:35:56 2021, Current Time: Mon Jun 14 07:51:50 2021
INFO:root:Current TimeStep: 111000000,  Start Time: Sat Jun 12 20:35:56 2021, Current Time: Mon Jun 14 08:11:30 2021
INFO:root:Current TimeStep: 112000000,  Start Time: Sat Jun 12 20:35:56 2021, Current Time: Mon Jun 14 08:31:11 2021
INFO:root:Current TimeStep: 113000000,  Start Time: Sat Jun 12 20:35:56 2021, Current Time: Mon Jun 14 08:50:53 2021
INFO:root:Current TimeStep: 114000000,  Start Time: Sat Jun 12 20:35:56 2021, Current Time: Mon Jun 14 09:10:34 2021
INFO:root:Current TimeStep: 115000000,  Start Time: Sat Jun 12 20:35:56 2021, Current Time: Mon Jun 14 09:30:14 2021
INFO:root:Current TimeStep: 116000000,  Start Time: Sat Jun 12 20:35:56 2021, Current Time: Mon Jun 14 09:49:54 2021
INFO:root:Current TimeStep: 117000000,  Start Time: Sat Jun 12 20:35:56 2021, Current Time: Mon Jun 14 10:09:36 2021
INFO:root:Current TimeStep: 118000000,  Start Time: Sat Jun 12 20:35:56 2021, Current Time: Mon Jun 14 10:29:18 2021
INFO:root:Current TimeStep: 119000000,  Start Time: Sat Jun 12 20:35:56 2021, Current Time: Mon Jun 14 10:49:00 2021
INFO:root:Current TimeStep: 120000000,  Start Time: Sat Jun 12 20:35:56 2021, Current Time: Mon Jun 14 11:08:40 2021
INFO:root:Current TimeStep: 121000000,  Start Time: Sat Jun 12 20:35:56 2021, Current Time: Mon Jun 14 11:28:23 2021
INFO:root:Current TimeStep: 122000000,  Start Time: Sat Jun 12 20:35:56 2021, Current Time: Mon Jun 14 11:48:04 2021
INFO:root:Current TimeStep: 123000000,  Start Time: Sat Jun 12 20:35:56 2021, Current Time: Mon Jun 14 12:07:46 2021
INFO:root:Current TimeStep: 124000000,  Start Time: Sat Jun 12 20:35:56 2021, Current Time: Mon Jun 14 12:35:19 2021
INFO:root:Current TimeStep: 125000000,  Start Time: Sat Jun 12 20:35:56 2021, Current Time: Mon Jun 14 12:59:22 2021
INFO:root:Current TimeStep: 126000000,  Start Time: Sat Jun 12 20:35:56 2021, Current Time: Mon Jun 14 13:23:06 2021
INFO:root:Current TimeStep: 127000000,  Start Time: Sat Jun 12 20:35:56 2021, Current Time: Mon Jun 14 13:47:03 2021
INFO:root:Current TimeStep: 128000000,  Start Time: Sat Jun 12 20:35:56 2021, Current Time: Mon Jun 14 14:11:16 2021
INFO:root:Current TimeStep: 129000000,  Start Time: Sat Jun 12 20:35:56 2021, Current Time: Mon Jun 14 14:34:01 2021
INFO:root:Current TimeStep: 130000000,  Start Time: Sat Jun 12 20:35:56 2021, Current Time: Mon Jun 14 14:57:53 2021
INFO:root:Current TimeStep: 131000000,  Start Time: Sat Jun 12 20:35:56 2021, Current Time: Mon Jun 14 15:19:23 2021
INFO:root:Current TimeStep: 132000000,  Start Time: Sat Jun 12 20:35:56 2021, Current Time: Mon Jun 14 15:39:05 2021
INFO:root:Current TimeStep: 133000000,  Start Time: Sat Jun 12 20:35:56 2021, Current Time: Mon Jun 14 15:58:49 2021
INFO:root:Current TimeStep: 134000000,  Start Time: Sat Jun 12 20:35:56 2021, Current Time: Mon Jun 14 16:18:29 2021
INFO:root:Current TimeStep: 135000000,  Start Time: Sat Jun 12 20:35:56 2021, Current Time: Mon Jun 14 16:38:11 2021
INFO:root:Current TimeStep: 136000000,  Start Time: Sat Jun 12 20:35:56 2021, Current Time: Mon Jun 14 16:57:52 2021
INFO:root:Current TimeStep: 137000000,  Start Time: Sat Jun 12 20:35:56 2021, Current Time: Mon Jun 14 17:17:43 2021
INFO:root:Current TimeStep: 138000000,  Start Time: Sat Jun 12 20:35:56 2021, Current Time: Mon Jun 14 17:37:39 2021
INFO:root:Current TimeStep: 139000000,  Start Time: Sat Jun 12 20:35:56 2021, Current Time: Mon Jun 14 17:58:25 2021
INFO:root:Current TimeStep: 140000000,  Start Time: Sat Jun 12 20:35:56 2021, Current Time: Mon Jun 14 18:19:12 2021
INFO:root:Current TimeStep: 141000000,  Start Time: Sat Jun 12 20:35:56 2021, Current Time: Mon Jun 14 18:39:48 2021
INFO:root:Current TimeStep: 142000000,  Start Time: Sat Jun 12 20:35:56 2021, Current Time: Mon Jun 14 19:00:12 2021
INFO:root:Current TimeStep: 143000000,  Start Time: Sat Jun 12 20:35:56 2021, Current Time: Mon Jun 14 19:20:44 2021
INFO:root:Current TimeStep: 144000000,  Start Time: Sat Jun 12 20:35:56 2021, Current Time: Mon Jun 14 19:41:45 2021
INFO:root:Current TimeStep: 145000000,  Start Time: Sat Jun 12 20:35:56 2021, Current Time: Mon Jun 14 20:02:24 2021
INFO:root:Current TimeStep: 146000000,  Start Time: Sat Jun 12 20:35:56 2021, Current Time: Mon Jun 14 20:23:01 2021
INFO:root:Current TimeStep: 147000000,  Start Time: Sat Jun 12 20:35:56 2021, Current Time: Mon Jun 14 20:44:02 2021
INFO:root:Current TimeStep: 148000000,  Start Time: Sat Jun 12 20:35:56 2021, Current Time: Mon Jun 14 21:04:48 2021
INFO:root:Current TimeStep: 149000000,  Start Time: Sat Jun 12 20:35:56 2021, Current Time: Mon Jun 14 21:24:51 2021
INFO:root:Current TimeStep: 150000000,  Start Time: Sat Jun 12 20:35:56 2021, Current Time: Mon Jun 14 21:45:01 2021
